This is XeTeX, Version 3.141592653-2.6-0.999994 (TeX Live 2022) (preloaded format=xelatex 2022.11.10)  19 JUL 2024 21:17
entering extended mode
 restricted \write18 enabled.
 %&-line parsing enabled.
**Report.tex
(./Report.tex
LaTeX2e <2021-11-15> patch level 1
L3 programming layer <2022-02-24>
(c:/texlive/2022/texmf-dist/tex/latex/base/article.cls
Document Class: article 2021/10/04 v1.4n Standard LaTeX document class
(c:/texlive/2022/texmf-dist/tex/latex/base/size10.clo
File: size10.clo 2021/10/04 v1.4n Standard LaTeX file (size option)
)
\c@part=\count181
\c@section=\count182
\c@subsection=\count183
\c@subsubsection=\count184
\c@paragraph=\count185
\c@subparagraph=\count186
\c@figure=\count187
\c@table=\count188
\abovecaptionskip=\skip47
\belowcaptionskip=\skip48
\bibindent=\dimen138
)
(c:/texlive/2022/texmf-dist/tex/latex/multirow/multirow.sty
Package: multirow 2021/03/15 v2.8 Span multiple rows of a table
\multirow@colwidth=\skip49
\multirow@cntb=\count189
\multirow@dima=\skip50
\bigstrutjot=\dimen139
)
(c:/texlive/2022/texmf-dist/tex/latex/amsmath/amsmath.sty
Package: amsmath 2021/10/15 v2.17l AMS math features
\@mathmargin=\skip51

For additional information on amsmath, use the `?' option.
(c:/texlive/2022/texmf-dist/tex/latex/amsmath/amstext.sty
Package: amstext 2021/08/26 v2.01 AMS text

(c:/texlive/2022/texmf-dist/tex/latex/amsmath/amsgen.sty
File: amsgen.sty 1999/11/30 v2.0 generic functions
\@emptytoks=\toks16
\ex@=\dimen140
))
(c:/texlive/2022/texmf-dist/tex/latex/amsmath/amsbsy.sty
Package: amsbsy 1999/11/29 v1.2d Bold Symbols
\pmbraise@=\dimen141
)
(c:/texlive/2022/texmf-dist/tex/latex/amsmath/amsopn.sty
Package: amsopn 2021/08/26 v2.02 operator names
)
\inf@bad=\count190
LaTeX Info: Redefining \frac on input line 234.
\uproot@=\count191
\leftroot@=\count192
LaTeX Info: Redefining \overline on input line 399.
\classnum@=\count193
\DOTSCASE@=\count194
LaTeX Info: Redefining \ldots on input line 496.
LaTeX Info: Redefining \dots on input line 499.
LaTeX Info: Redefining \cdots on input line 620.
\Mathstrutbox@=\box50
\strutbox@=\box51
\big@size=\dimen142
LaTeX Font Info:    Redeclaring font encoding OML on input line 743.
LaTeX Font Info:    Redeclaring font encoding OMS on input line 744.
\macc@depth=\count195
\c@MaxMatrixCols=\count196
\dotsspace@=\muskip16
\c@parentequation=\count197
\dspbrk@lvl=\count198
\tag@help=\toks17
\row@=\count199
\column@=\count266
\maxfields@=\count267
\andhelp@=\toks18
\eqnshift@=\dimen143
\alignsep@=\dimen144
\tagshift@=\dimen145
\tagwidth@=\dimen146
\totwidth@=\dimen147
\lineht@=\dimen148
\@envbody=\toks19
\multlinegap=\skip52
\multlinetaggap=\skip53
\mathdisplay@stack=\toks20
LaTeX Info: Redefining \[ on input line 2938.
LaTeX Info: Redefining \] on input line 2939.
)
(c:/texlive/2022/texmf-dist/tex/generic/ulem/ulem.sty
\UL@box=\box52
\UL@hyphenbox=\box53
\UL@skip=\skip54
\UL@hook=\toks21
\UL@height=\dimen149
\UL@pe=\count268
\UL@pixel=\dimen150
\ULC@box=\box54
Package: ulem 2019/11/18
\ULdepth=\dimen151
)
(c:/texlive/2022/texmf-dist/tex/latex/graphics/graphicx.sty
Package: graphicx 2021/09/16 v1.2d Enhanced LaTeX Graphics (DPC,SPQR)

(c:/texlive/2022/texmf-dist/tex/latex/graphics/keyval.sty
Package: keyval 2014/10/28 v1.15 key=value parser (DPC)
\KV@toks@=\toks22
)
(c:/texlive/2022/texmf-dist/tex/latex/graphics/graphics.sty
Package: graphics 2021/03/04 v1.4d Standard LaTeX Graphics (DPC,SPQR)

(c:/texlive/2022/texmf-dist/tex/latex/graphics/trig.sty
Package: trig 2021/08/11 v1.11 sin cos tan (DPC)
)
(c:/texlive/2022/texmf-dist/tex/latex/graphics-cfg/graphics.cfg
File: graphics.cfg 2016/06/04 v1.11 sample graphics configuration
)
Package graphics Info: Driver file: xetex.def on input line 107.

(c:/texlive/2022/texmf-dist/tex/latex/graphics-def/xetex.def
File: xetex.def 2021/03/18 v5.0k Graphics/color driver for xetex
))
\Gin@req@height=\dimen152
\Gin@req@width=\dimen153
)
(c:/texlive/2022/texmf-dist/tex/latex/geometry/geometry.sty
Package: geometry 2020/01/02 v5.9 Page Geometry

(c:/texlive/2022/texmf-dist/tex/generic/iftex/ifvtex.sty
Package: ifvtex 2019/10/25 v1.7 ifvtex legacy package. Use iftex instead.

(c:/texlive/2022/texmf-dist/tex/generic/iftex/iftex.sty
Package: iftex 2022/02/03 v1.0f TeX engine tests
))
\Gm@cnth=\count269
\Gm@cntv=\count270
\c@Gm@tempcnt=\count271
\Gm@bindingoffset=\dimen154
\Gm@wd@mp=\dimen155
\Gm@odd@mp=\dimen156
\Gm@even@mp=\dimen157
\Gm@layoutwidth=\dimen158
\Gm@layoutheight=\dimen159
\Gm@layouthoffset=\dimen160
\Gm@layoutvoffset=\dimen161
\Gm@dimlist=\toks23
)
(c:/texlive/2022/texmf-dist/tex/latex/tools/longtable.sty
Package: longtable 2021-09-01 v4.17 Multi-page Table package (DPC)
\LTleft=\skip55
\LTright=\skip56
\LTpre=\skip57
\LTpost=\skip58
\LTchunksize=\count272
\LTcapwidth=\dimen162
\LT@head=\box55
\LT@firsthead=\box56
\LT@foot=\box57
\LT@lastfoot=\box58
\LT@gbox=\box59
\LT@cols=\count273
\LT@rows=\count274
\c@LT@tables=\count275
\c@LT@chunks=\count276
\LT@p@ftn=\toks24
)
(c:/texlive/2022/texmf-dist/tex/latex/booktabs/booktabs.sty
Package: booktabs 2020/01/12 v1.61803398 Publication quality tables
\heavyrulewidth=\dimen163
\lightrulewidth=\dimen164
\cmidrulewidth=\dimen165
\belowrulesep=\dimen166
\belowbottomsep=\dimen167
\aboverulesep=\dimen168
\abovetopsep=\dimen169
\cmidrulesep=\dimen170
\cmidrulekern=\dimen171
\defaultaddspace=\dimen172
\@cmidla=\count277
\@cmidlb=\count278
\@aboverulesep=\dimen173
\@belowrulesep=\dimen174
\@thisruleclass=\count279
\@lastruleclass=\count280
\@thisrulewidth=\dimen175
)
(c:/texlive/2022/texmf-dist/tex/latex/xcolor/xcolor.sty
Package: xcolor 2021/10/31 v2.13 LaTeX color extensions (UK)

(c:/texlive/2022/texmf-dist/tex/latex/graphics-cfg/color.cfg
File: color.cfg 2016/01/02 v1.6 sample color configuration
)
Package xcolor Info: Driver file: xetex.def on input line 227.

(c:/texlive/2022/texmf-dist/tex/latex/colortbl/colortbl.sty
Package: colortbl 2020/01/04 v1.0e Color table columns (DPC)

(c:/texlive/2022/texmf-dist/tex/latex/tools/array.sty
Package: array 2021/10/04 v2.5f Tabular extension package (FMi)
\col@sep=\dimen176
\ar@mcellbox=\box60
\extrarowheight=\dimen177
\NC@list=\toks25
\extratabsurround=\skip59
\backup@length=\skip60
\ar@cellbox=\box61
)
\everycr=\toks26
\minrowclearance=\skip61
)
\rownum=\count281
Package xcolor Info: Model `cmy' substituted by `cmy0' on input line 1352.
Package xcolor Info: Model `RGB' extended on input line 1368.
Package xcolor Info: Model `HTML' substituted by `rgb' on input line 1370.
Package xcolor Info: Model `Hsb' substituted by `hsb' on input line 1371.
Package xcolor Info: Model `tHsb' substituted by `hsb' on input line 1372.
Package xcolor Info: Model `HSB' substituted by `hsb' on input line 1373.
Package xcolor Info: Model `Gray' substituted by `gray' on input line 1374.
Package xcolor Info: Model `wave' substituted by `hsb' on input line 1375.
)
(c:/texlive/2022/texmf-dist/tex/latex/titling/titling.sty
Package: titling 2009/09/04 v2.1d maketitle typesetting
\thanksmarkwidth=\skip62
\thanksmargin=\skip63
\droptitle=\skip64
)
(c:/texlive/2022/texmf-dist/tex/latex/l3backend/l3backend-xetex.def
File: l3backend-xetex.def 2022-02-07 L3 backend support: XeTeX

(|extractbb --version)
\c__kernel_sys_dvipdfmx_version_int=\count282
\l__color_backend_stack_int=\count283
\g__color_backend_stack_int=\count284
\g__graphics_track_int=\count285
\l__pdf_internal_box=\box62
\g__pdf_backend_object_int=\count286
\g__pdf_backend_annotation_int=\count287
\g__pdf_backend_link_int=\count288
) (./Report.aux

LaTeX Warning: Label `fig:G4' multiply defined.


LaTeX Warning: Label `fig:P5' multiply defined.

)
\openout1 = `Report.aux'.

LaTeX Font Info:    Checking defaults for OML/cmm/m/it on input line 16.
LaTeX Font Info:    ... okay on input line 16.
LaTeX Font Info:    Checking defaults for OMS/cmsy/m/n on input line 16.
LaTeX Font Info:    ... okay on input line 16.
LaTeX Font Info:    Checking defaults for OT1/cmr/m/n on input line 16.
LaTeX Font Info:    ... okay on input line 16.
LaTeX Font Info:    Checking defaults for T1/cmr/m/n on input line 16.
LaTeX Font Info:    ... okay on input line 16.
LaTeX Font Info:    Checking defaults for TS1/cmr/m/n on input line 16.
LaTeX Font Info:    Trying to load font information for TS1+cmr on input line 1
6.
 (c:/texlive/2022/texmf-dist/tex/latex/base/ts1cmr.fd
File: ts1cmr.fd 2019/12/16 v2.5j Standard LaTeX font definitions
)
LaTeX Font Info:    ... okay on input line 16.
LaTeX Font Info:    Checking defaults for TU/lmr/m/n on input line 16.
LaTeX Font Info:    ... okay on input line 16.
LaTeX Font Info:    Checking defaults for OMX/cmex/m/n on input line 16.
LaTeX Font Info:    ... okay on input line 16.
LaTeX Font Info:    Checking defaults for U/cmr/m/n on input line 16.
LaTeX Font Info:    ... okay on input line 16.

*geometry* driver: auto-detecting
*geometry* detected driver: xetex
*geometry* verbose mode - [ preamble ] result:
* driver: xetex
* paper: a4paper
* layout: <same size as paper>
* layoutoffset:(h,v)=(0.0pt,0.0pt)
* modes: 
* h-part:(L,W,R)=(72.26999pt, 452.9679pt, 72.26999pt)
* v-part:(T,H,B)=(72.26999pt, 700.50687pt, 72.26999pt)
* \paperwidth=597.50787pt
* \paperheight=845.04684pt
* \textwidth=452.9679pt
* \textheight=700.50687pt
* \oddsidemargin=0.0pt
* \evensidemargin=0.0pt
* \topmargin=-37.0pt
* \headheight=12.0pt
* \headsep=25.0pt
* \topskip=10.0pt
* \footskip=30.0pt
* \marginparwidth=65.0pt
* \marginparsep=11.0pt
* \columnsep=10.0pt
* \skip\footins=9.0pt plus 4.0pt minus 2.0pt
* \hoffset=0.0pt
* \voffset=0.0pt
* \mag=1000
* \@twocolumnfalse
* \@twosidefalse
* \@mparswitchfalse
* \@reversemarginfalse
* (1in=72.27pt=25.4mm, 1cm=28.453pt)

[1

]
File: ../Image/singelF.png Graphic file (type bmp)
<../Image/singelF.png>
File: ../Image/age_distributions.png Graphic file (type bmp)
<../Image/age_distributions.png>
File: ../Image/sex_distributions.png Graphic file (type bmp)
<../Image/sex_distributions.png>
 [2]
File: ../Image/race_distributions.png Graphic file (type bmp)
<../Image/race_distributions.png>
File: ../Image/house_distributions.png Graphic file (type bmp)
<../Image/house_distributions.png>
File: ../Image/region_distributions.png Graphic file (type bmp)
<../Image/region_distributions.png>
 [3] [4]
Overfull \hbox (20.28992pt too wide) in paragraph at lines 2473--2474
 [][] 
 []

File: ../Image/Graph01.png Graphic file (type bmp)
<../Image/Graph01.png>
File: ../Image/Graph02.png Graphic file (type bmp)
<../Image/Graph02.png>
File: ../Image/Graph03.png Graphic file (type bmp)
<../Image/Graph03.png>
[5]
File: ../Image/Graph04.png Graphic file (type bmp)
<../Image/Graph04.png>
 [6]
File: ../Image/Chi2_S1.png Graphic file (type bmp)
<../Image/Chi2_S1.png>
File: ../Image/CHi2_S2.png Graphic file (type bmp)
<../Image/CHi2_S2.png>
File: ../Image/Graph05.png Graphic file (type bmp)
<../Image/Graph05.png>
 [7] [8] [9] [10] [11] [12] [13]
File: ../Image/P1.jpg Graphic file (type bmp)
<../Image/P1.jpg>
File: ../Image/P2.jpg Graphic file (type bmp)
<../Image/P2.jpg>
 [14]
File: ../Image/L_C.jpg Graphic file (type bmp)
<../Image/L_C.jpg>
File: ../Image/P4.png Graphic file (type bmp)
<../Image/P4.png>
 [15]
File: ../Image/P8.jpg Graphic file (type bmp)
<../Image/P8.jpg>
File: ../Image/P9.jpg Graphic file (type bmp)
<../Image/P9.jpg>
File: ../Image/P10.jpg Graphic file (type bmp)
<../Image/P10.jpg>
File: ../Image/P11.jpg Graphic file (type bmp)
<../Image/P11.jpg>
File: ../Image/P12.jpg Graphic file (type bmp)
<../Image/P12.jpg>
File: ../Image/P13.jpg Graphic file (type bmp)
<../Image/P13.jpg>
File: ../Image/P14.jpg Graphic file (type bmp)
<../Image/P14.jpg>
File: ../Image/P15.jpg Graphic file (type bmp)
<../Image/P15.jpg>
File: ../Image/P5.jpg Graphic file (type bmp)
<../Image/P5.jpg>
 [16]
File: ../Image/L_A.jpg Graphic file (type bmp)
<../Image/L_A.jpg>
File: ../Image/P7.jpg Graphic file (type bmp)
<../Image/P7.jpg>


LaTeX Warning: `!h' float specifier changed to `!ht'.

[17]
File: ../Image/P16.jpg Graphic file (type bmp)
<../Image/P16.jpg>
File: ../Image/P17.jpg Graphic file (type bmp)
<../Image/P17.jpg>
File: ../Image/P18.jpg Graphic file (type bmp)
<../Image/P18.jpg>
File: ../Image/P19.jpg Graphic file (type bmp)
<../Image/P19.jpg>
File: ../Image/P20.jpg Graphic file (type bmp)
<../Image/P20.jpg>
File: ../Image/P21.jpg Graphic file (type bmp)
<../Image/P21.jpg>
File: ../Image/P22.jpg Graphic file (type bmp)
<../Image/P22.jpg>


LaTeX Warning: `!h' float specifier changed to `!ht'.

[18]
File: ../Image/P23.jpg Graphic file (type bmp)
<../Image/P23.jpg>
 [19]
File: ../Image/L_M.jpg Graphic file (type bmp)
<../Image/L_M.jpg>
File: ../Image/P24.jpg Graphic file (type bmp)
<../Image/P24.jpg>
 [20]
File: ../Image/P26.jpg Graphic file (type bmp)
<../Image/P26.jpg>
File: ../Image/P28.jpg Graphic file (type bmp)
<../Image/P28.jpg>
File: ../Image/P29.jpg Graphic file (type bmp)
<../Image/P29.jpg>
File: ../Image/P30.jpg Graphic file (type bmp)
<../Image/P30.jpg>
File: ../Image/P31.jpg Graphic file (type bmp)
<../Image/P31.jpg>
File: ../Image/P32.jpg Graphic file (type bmp)
<../Image/P32.jpg>
File: ../Image/P33.jpg Graphic file (type bmp)
<../Image/P33.jpg>
 [21]
File: ../Image/P34.jpg Graphic file (type bmp)
<../Image/P34.jpg>
File: ../Image/L_S.jpg Graphic file (type bmp)
<../Image/L_S.jpg>
 [22]
File: ../Image/P36.jpg Graphic file (type bmp)
<../Image/P36.jpg>
File: ../Image/P37.jpg Graphic file (type bmp)
<../Image/P37.jpg>
File: ../Image/P38.jpg Graphic file (type bmp)
<../Image/P38.jpg>
File: ../Image/P39.jpg Graphic file (type bmp)
<../Image/P39.jpg>
File: ../Image/P40.jpg Graphic file (type bmp)
<../Image/P40.jpg>
 [23]
File: ../Image/P41.jpg Graphic file (type bmp)
<../Image/P41.jpg>
File: ../Image/P42.jpg Graphic file (type bmp)
<../Image/P42.jpg>
File: ../Image/P43.jpg Graphic file (type bmp)
<../Image/P43.jpg>
File: ../Image/P44.jpg Graphic file (type bmp)
<../Image/P44.jpg>
 [24]
File: ../Image/OL_BMI.jpg Graphic file (type bmp)
<../Image/OL_BMI.jpg>
File: ../Image/P46.jpg Graphic file (type bmp)
<../Image/P46.jpg>
 [25]
File: ../Image/P47.jpg Graphic file (type bmp)
<../Image/P47.jpg>
File: ../Image/P48.jpg Graphic file (type bmp)
<../Image/P48.jpg>
File: ../Image/P49.jpg Graphic file (type bmp)
<../Image/P49.jpg>
File: ../Image/P50.jpg Graphic file (type bmp)
<../Image/P50.jpg>
File: ../Image/P51.jpg Graphic file (type bmp)
<../Image/P51.jpg>
File: ../Image/P52.jpg Graphic file (type bmp)
<../Image/P52.jpg>
File: ../Image/P53.jpg Graphic file (type bmp)
<../Image/P53.jpg>
 [26] [27] [28]
File: ../Image/python.jpg Graphic file (type bmp)
<../Image/python.jpg>
 [29] (./Report.aux)

LaTeX Warning: There were multiply-defined labels.

 ) 
Here is how much of TeX's memory you used:
 3841 strings out of 476179
 61225 string characters out of 5813071
 600892 words of memory out of 5000000
 24496 multiletter control sequences out of 15000+600000
 473285 words of font info for 50 fonts, out of 8000000 for 9000
 1348 hyphenation exceptions out of 8191
 55i,10n,62p,1719b,277s stack positions out of 10000i,1000n,20000p,200000b,200000s

Output written on Report.pdf (29 pages).
